Log file open, 10/13/16 20:06:11
LogInit:Display: Running engine for game: Disco
LogPlatformFile: Not using cached read wrapper
LogInit:Display: RandInit(-19366549) SRandInit(-19366545).
LogTaskGraph: Started task graph with 4 named threads and 5 total threads with 1 sets of task threads.
LogStats: Stats thread started at 0.059657
LogInit: Version: 4.12.5-3039270+++UE4+Release-4.12
LogInit: API Version: 2992821
LogInit: Net Version: 3039270
LogDevObjectVersion: Number of dev versions registered: 13
LogDevObjectVersion:   Dev-Blueprints (B0D832E4-1F89-4F0D-ACCF-7EB736FD4AA2): 3
LogDevObjectVersion:   Dev-Build (E1C64328-A22C-4D53-A36C-8E866417BD8C): 0
LogDevObjectVersion:   Dev-Core (375EC13C-06E4-48FB-B500-84F0262A717E): 1
LogDevObjectVersion:   Dev-Editor (E4B068ED-F494-42E9-A231-DA0B2E46BB41): 2
LogDevObjectVersion:   Dev-Framework (CFFC743F-43B0-4480-9391-14DF171D2073): 6
LogDevObjectVersion:   Dev-Mobile (B02B49B5-BB20-44E9-A304-32B752E40360): 0
LogDevObjectVersion:   Dev-Networking (A4E4105C-59A1-49B5-A7C5-40C4547EDFEE): 0
LogDevObjectVersion:   Dev-Online (39C831C9-5AE6-47DC-9A44-9C173E1C8E7C): 0
LogDevObjectVersion:   Dev-Physics (78F01B33-EBEA-4F98-B9B4-84EACCB95AA2): 0
LogDevObjectVersion:   Dev-Platform (6631380F-2D4D-43E0-8009-CF276956A95A): 0
LogDevObjectVersion:   Dev-Rendering (12F88B9F-8875-4AFC-A67C-D90C383ABD29): 2
LogDevObjectVersion:   Dev-Sequencer (7B5AE74C-D270-4C10-A958-57980B212A5A): 0
LogDevObjectVersion:   Dev-VR (D7296918-1DD6-4BDD-9DE2-64A83CC13884): 0
LogInit: Compiled (64-bit): Jul  6 2016 09:09:46
LogInit: Compiled with Visual C++: 19.00.23026.00
LogInit: Build Configuration: Development
LogInit: Branch Name: ++UE4+Release-4.12
LogInit: Command line:  
LogInit: Base directory: C:/Program Files (x86)/Epic Games/4.12/Engine/Binaries/Win64/
LogInit: Installed Engine Build: 1
LogInit: Using libcurl 7.41.0
LogInit:  - built for x86_64-pc-win32
LogInit:  - supports SSL with WinSSL
LogInit:  - other features:
LogInit:      CURL_VERSION_SSL
LogInit:      CURL_VERSION_IPV6
LogInit:      CURL_VERSION_ASYNCHDNS
LogInit:      CURL_VERSION_LARGEFILE
LogInit:      CURL_VERSION_IDN
LogInit:  CurlRequestOptions (configurable via config and command line):
LogInit:  - bVerifyPeer = true  - Libcurl will verify peer certificate
LogInit:  - bUseHttpProxy = false  - Libcurl will NOT use HTTP proxy
LogInit:  - bDontReuseConnections = false  - Libcurl will reuse connections
LogInit:  - CertBundlePath = nullptr  - Libcurl will use whatever was configured at build time.
LogInit: Presizing for max 8388607 objects, including 0 objects not considered by GC, pre-allocating 0 bytes for permanent pool.
LogInit: Object subsystem initialized
[2016.10.14-00.06.11:667][  0]LogInit: Selected Device Profile: [Windows]
[2016.10.14-00.06.11:667][  0]LogInit: Applying CVar settings loaded from the selected device profile: [Windows]
[2016.10.14-00.06.11:703][  0]LogInit: Computer: WENBO-SURFACEBO
[2016.10.14-00.06.11:703][  0]LogInit: User: WenboLan
[2016.10.14-00.06.11:703][  0]LogInit: CPU Page size=65536, Cores=2
[2016.10.14-00.06.11:703][  0]LogInit: High frequency timer resolution =2.742187 MHz
[2016.10.14-00.06.11:703][  0]LogMemory: Memory total: Physical=15.9GB (16GB approx)
[2016.10.14-00.06.11:703][  0]LogMemory: Platform Memory Stats for Windows
[2016.10.14-00.06.11:703][  0]LogMemory: Process Physical Memory: 189.79 MB used, 189.79 MB peak
[2016.10.14-00.06.11:703][  0]LogMemory: Process Virtual Memory: 194.91 MB used, 194.91 MB peak
[2016.10.14-00.06.11:703][  0]LogMemory: Physical Memory: 6788.59 MB used, 16310.14 MB total
[2016.10.14-00.06.11:703][  0]LogMemory: Virtual Memory: 552.32 MB used, 134217728.00 MB total
[2016.10.14-00.06.12:100][  0]LogTextLocalizationManager: No specific translations for ('en-US') exist, so ('en') translations will be used.
[2016.10.14-00.06.12:699][  0]LogD3D11RHI: D3D11 adapters:
[2016.10.14-00.06.12:706][  0]LogD3D11RHI:    0. 'Intel(R) HD Graphics 520' (Feature Level 11_0)
[2016.10.14-00.06.12:706][  0]LogD3D11RHI:       128/0/8155 MB DedicatedVideo/DedicatedSystem/SharedSystem, Outputs:1, VendorId:0x8086
[2016.10.14-00.06.12:708][  0]LogD3D11RHI:    1. 'Microsoft Basic Render Driver' (Feature Level 11_0)
[2016.10.14-00.06.12:708][  0]LogD3D11RHI:       0/0/8155 MB DedicatedVideo/DedicatedSystem/SharedSystem, Outputs:0, VendorId:0x1414
[2016.10.14-00.06.12:708][  0]LogD3D11RHI: Chosen D3D11 Adapter: 0
[2016.10.14-00.06.12:715][  0]LogD3D11RHI: Creating new Direct3DDevice
[2016.10.14-00.06.12:715][  0]LogD3D11RHI:     GPU DeviceId: 0x1916 (for the marketing name, search the web for "GPU Device Id")
[2016.10.14-00.06.12:715][  0]LogWindows: EnumDisplayDevices:
[2016.10.14-00.06.12:715][  0]LogWindows:    0. 'Intel(R) HD Graphics 520' (P:1 D:1)
[2016.10.14-00.06.12:716][  0]LogWindows:    1. 'Intel(R) HD Graphics 520' (P:0 D:0)
[2016.10.14-00.06.12:716][  0]LogWindows:    2. 'Intel(R) HD Graphics 520' (P:0 D:0)
[2016.10.14-00.06.12:716][  0]LogWindows: DebugString: FoundDriverCount:3 
[2016.10.14-00.06.12:716][  0]LogD3D11RHI:     Adapter Name: Intel(R) HD Graphics 520
[2016.10.14-00.06.12:716][  0]LogD3D11RHI:   Driver Version: 20.19.15.4463 (internal:20.19.15.4463, unified:20.19.15.4463)
[2016.10.14-00.06.12:716][  0]LogD3D11RHI:      Driver Date: 7-6-2016
[2016.10.14-00.06.12:716][  0]LogRHI: Texture pool is 1361 MB (70% of 1945 MB)
[2016.10.14-00.06.12:722][  0]LogD3D11RHI: Async texture creation enabled
[2016.10.14-00.06.12:744][  0]LogD3D11RHI: GPU Timing Frequency: 12.000000 (Debug: 2 0)
[2016.10.14-00.06.12:750][  0]LogShaderCompilers: Guid format shader working directory is -35 characters bigger than the processId version (../../../../../../Users/leola/Documents/NYU/Term III/Motion Capture/Disco_elvis 3/Intermediate/Shaders/WorkingDirectory/9804/).
[2016.10.14-00.06.12:750][  0]LogShaderCompilers: Cleaned the shader compiler working directory 'C:/Users/leola/AppData/Local/Temp/UnrealShaderWorkingDir/461FC84B4FC88D6488447F9ECE00D78F/'.
[2016.10.14-00.06.12:751][  0]LogShaderCompilers:Display: Using Local Shader Compiler.
[2016.10.14-00.06.15:547][  0]LogTemp:Display: Loaded TP AllDesktopTargetPlatform
[2016.10.14-00.06.15:557][  0]LogTemp:Display: Loaded TP WindowsClientTargetPlatform
[2016.10.14-00.06.15:567][  0]LogTemp:Display: Loaded TP WindowsNoEditorTargetPlatform
[2016.10.14-00.06.15:577][  0]LogTemp:Display: Loaded TP WindowsServerTargetPlatform
[2016.10.14-00.06.15:588][  0]LogTemp:Display: Loaded TP WindowsTargetPlatform
[2016.10.14-00.06.15:603][  0]LogTemp:Display: Loaded TP AndroidTargetPlatform
[2016.10.14-00.06.15:617][  0]LogTemp:Display: Loaded TP Android_ASTCTargetPlatform
[2016.10.14-00.06.15:628][  0]LogTemp:Display: Loaded TP Android_ATCTargetPlatform
[2016.10.14-00.06.15:639][  0]LogTemp:Display: Loaded TP Android_DXTTargetPlatform
[2016.10.14-00.06.15:648][  0]LogTemp:Display: Loaded TP Android_ETC1TargetPlatform
[2016.10.14-00.06.15:657][  0]LogTemp:Display: Loaded TP Android_ETC2TargetPlatform
[2016.10.14-00.06.15:678][  0]LogTemp:Display: Loaded TP Android_MultiTargetPlatform
[2016.10.14-00.06.15:678][  0]LogTemp:Display: Loaded TP Android_PVRTCTargetPlatform
[2016.10.14-00.06.15:679][  0]LogTemp:Display: Loaded TP HTML5TargetPlatform
[2016.10.14-00.06.15:733][  0]LogTemp:Display: Loaded TP IOSTargetPlatform
[2016.10.14-00.06.15:741][  0]LogTemp:Display: Loaded TP TVOSTargetPlatform
[2016.10.14-00.06.15:751][  0]LogTemp:Display: Loaded TP LinuxNoEditorTargetPlatform
[2016.10.14-00.06.15:760][  0]LogTemp:Display: Loaded TP LinuxServerTargetPlatform
[2016.10.14-00.06.15:776][  0]LogTemp:Display: Loaded TP LinuxTargetPlatform
[2016.10.14-00.06.15:776][  0]LogTargetPlatformManager:Display: Building Assets For Windows
[2016.10.14-00.06.16:193][  0]LogDerivedDataCache:Display: Max Cache Size: 512 MB
[2016.10.14-00.06.16:193][  0]LogDerivedDataCache:Display: Starting with empty Boot cache
[2016.10.14-00.06.16:193][  0]LogDerivedDataCache: FDerivedDataBackendGraph:  Pak pak cache file ../../../../../../Users/leola/Documents/NYU/Term III/Motion Capture/Disco_elvis 3/DerivedDataCache/DDC.ddp not found, will not use a pak cache.
[2016.10.14-00.06.16:193][  0]LogDerivedDataCache: Unable to find inner node Pak for hierarchical cache Hierarchy.
[2016.10.14-00.06.16:193][  0]LogDerivedDataCache: FDerivedDataBackendGraph:  CompressedPak pak cache file ../../../../../../Users/leola/Documents/NYU/Term III/Motion Capture/Disco_elvis 3/DerivedDataCache/Compressed.ddp not found, will not use a pak cache.
[2016.10.14-00.06.16:193][  0]LogDerivedDataCache: Unable to find inner node CompressedPak for hierarchical cache Hierarchy.
[2016.10.14-00.06.16:228][  0]LogDerivedDataCache:Display: Pak cache opened for reading ../../../Engine/DerivedDataCache/Compressed.ddp.
[2016.10.14-00.06.16:240][  0]LogDerivedDataCache: Using Local data cache path C:/Users/leola/AppData/Local/UnrealEngine/Common/DerivedDataCache: Writable
[2016.10.14-00.06.19:755][  0]LogInit: Selected Device Profile: [Windows]
[2016.10.14-00.06.19:764][  0]LogContentStreaming: Texture pool size is 0.00 MB
[2016.10.14-00.06.20:258][  0]LogMeshUtilities: No automatic mesh reduction module available
[2016.10.14-00.06.20:258][  0]LogMeshUtilities: No automatic mesh merging module available
[2016.10.14-00.06.20:258][  0]LogMeshUtilities: No distributed automatic mesh merging module available
[2016.10.14-00.06.21:532][  0]LogAssetRegistry: FAssetRegistry took 0.0249 seconds to start up
[2016.10.14-00.06.21:594][  0]LogPackageLocalizationCache: Processed 4 localized package path(s) for 2 prioritized culture(s) in 0.057216 seconds
[2016.10.14-00.06.21:603][  0]LogUObjectArray: 28739 objects as part of root set at end of initial load.
[2016.10.14-00.06.21:603][  0]LogUObjectAllocator: 5855624 out of 0 bytes used by permanent object pool.
[2016.10.14-00.06.21:603][  0]LogUObjectArray: CloseDisregardForGC: 0/0 objects in disregard for GC pool
[2016.10.14-00.06.21:614][  0]LogInit: WinSock: version 1.1 (2.2), MaxSocks=32767, MaxUdp=65467
[2016.10.14-00.06.22:340][  0]LogSlate: SlateFontCache - WITH_FREETYPE: 1, WITH_HARFBUZZ: 1
[2016.10.14-00.06.22:340][  0]LogSlate: SlateFontCache - WITH_FREETYPE: 1, WITH_HARFBUZZ: 1
[2016.10.14-00.06.25:115][  0]LogSubstanceCoreModule: Substance CPU Engine Loaded, Max Texture Size 2048
[2016.10.14-00.06.25:131][  0]LogUdpMessaging: Initializing bridge on interface 0.0.0.0:0 to multicast group 230.0.0.1:6666.
[2016.10.14-00.06.25:654][  0]SourceControl: Info Source control is disabled
[2016.10.14-00.06.25:720][  0]SourceControl: Info Source control is disabled
[2016.10.14-00.06.25:737][  0]SourceControl: Info Source control is disabled
[2016.10.14-00.06.25:750][  0]SourceControl: Info Source control is disabled
[2016.10.14-00.06.26:019][  0]LogTexture:Display: Building textures: ManagerIcon (AutoDXT)
[2016.10.14-00.06.26:109][  0]LogTexture:Display: Building textures: StartPointIcon (BGRA8)
[2016.10.14-00.06.26:120][  0]PerceptionNeuron:Display: PerceptionNeuron plugin startup.
[2016.10.14-00.06.26:258][  0]LogEngine: Initializing Engine...
[2016.10.14-00.06.26:297][  0]LogHMD: SteamVR failed to initialize.  Err: 110
[2016.10.14-00.06.26:298][  0]LogHMD: SteamVR failed to initialize.  Err: 110
[2016.10.14-00.06.26:660][  0]LogAIModule: Creating AISystem for world NewWorld
[2016.10.14-00.06.26:680][  0]LogInit: XAudio2 using 'Speakers (Realtek High Definition Audio(SST))' : 2 channels at 48 kHz using 32 bits per sample (channel mask 0x3)
[2016.10.14-00.06.26:787][  0]LogInit: FAudioDevice initialized.
[2016.10.14-00.06.26:816][  0]LogDerivedDataCache: Saved boot cache 0.03s 49MB C:/Users/leola/AppData/Local/UnrealEngine/4.12/DerivedDataCache/Boot.ddc.
[2016.10.14-00.06.26:833][  0]LogInit: Texture streaming: Enabled
[2016.10.14-00.06.26:903][  0]LogInit: Transaction tracking system initialized
[2016.10.14-00.06.26:968][  0]BlueprintLog: New page: Editor Load
[2016.10.14-00.06.27:180][  0]LocalizationService: Info Localization service is disabled
[2016.10.14-00.06.27:324][  0]LogConsoleResponse:Display: 
[2016.10.14-00.06.27:681][  0]LogCook:Display: Max memory allowance for cook 8192mb
[2016.10.14-00.06.27:681][  0]LogCook:Display: Mobile HDR setting 1
[2016.10.14-00.06.27:821][  0]LogFileCache: Scanning file cache for directory 'C:/Users/leola/Documents/NYU/Term III/Motion Capture/Disco_elvis 3/Content/' took 0.02s
[2016.10.14-00.06.27:821][  0]LogTexture:Display: Building textures: RecordingIndicator (AutoDXT)
[2016.10.14-00.06.27:959][  0]SourceControl: Info Source control is disabled
[2016.10.14-00.06.27:962][  0]Cmd: MAP LOAD FILE="../../../../../../Users/leola/Documents/NYU/Term III/Motion Capture/Disco_elvis 3/Content/ThirdPersonBP/Maps/ThirdPersonExampleMap.umap" TEMPLATE=0 SHOWPROGRESS=1 FEATURELEVEL=3
[2016.10.14-00.06.27:969][  0]LightingResults: New page: Lighting Build
[2016.10.14-00.06.27:979][  0]MapCheck: New page: Map Check
[2016.10.14-00.06.27:979][  0]LightingResults: New page: Lighting Build
[2016.10.14-00.06.29:761][  0]LogAnimationCompression: Building Anim DDC data for AnimSequence /Game/Import/right_strafe_walking.right_strafe_walking
[2016.10.14-00.06.29:770][  0]LogAnimationCompression: Building Anim DDC data for AnimSequence /Game/Import/gangnam_style.gangnam_style
[2016.10.14-00.06.30:042][  0]LogTexture:Display: Building textures: FunnyDude_Hair_Diffuse (AutoDXT)
[2016.10.14-00.06.30:245][  0]LogTexture:Display: Building textures: FunnyDude_Hair_Specular (AutoDXT)
[2016.10.14-00.06.30:312][  0]LogTexture:Display: Building textures: FunnyDude_Hair_Normal (BC5)
[2016.10.14-00.06.30:366][  0]LogTexture:Display: Building textures: FunnyDude_Hair_Opacity (AutoDXT)
[2016.10.14-00.06.30:421][  0]LogMaterial: Missing cached shader map for material Hairmat, compiling. 
[2016.10.14-00.06.30:576][  0]LogAnimationCompression: Building Anim DDC data for AnimSequence /Game/Import/walking.walking
[2016.10.14-00.06.30:603][  0]LogMaterial: Missing cached shader map for material Elvis_Mouth_MAT, compiling. 
[2016.10.14-00.06.30:677][  0]LogMaterial: Missing cached shader map for material Elvis_Eyes_MAT, compiling. 
[2016.10.14-00.06.30:731][  0]LogMaterial: Missing cached shader map for material Elvis_Brows_MAT, compiling. 
[2016.10.14-00.06.30:790][  0]LogMaterial: Missing cached shader map for material Character_Fat_Elvis_body_color, compiling. 
[2016.10.14-00.06.30:860][  0]LogMaterial: Missing cached shader map for material glass_blue, compiling. 
[2016.10.14-00.06.30:905][  0]LogMaterial: Missing cached shader map for material glass, compiling. 
[2016.10.14-00.06.30:935][  0]LogMaterial: Missing cached shader map for material floor_Mat_static, compiling. 
[2016.10.14-00.06.30:969][  0]LogMaterial: Missing cached shader map for material floor_Mat, compiling. 
[2016.10.14-00.06.31:006][  0]LogTexture:Display: Building textures: FunnyDude_Top_Specular (AutoDXT)
[2016.10.14-00.06.31:224][  0]LogTexture:Display: Building textures: FunnyDude_Top_Opacity (AutoDXT)
[2016.10.14-00.06.31:310][  0]LogTexture:Display: Building textures: FunnyDude_Top_Normal (BC5)
[2016.10.14-00.06.31:430][  0]LogTexture:Display: Building textures: FunnyDude_Top_Diffuse (AutoDXT)
[2016.10.14-00.06.31:803][  0]LogMaterial: Missing cached shader map for material Topmat, compiling. 
[2016.10.14-00.06.31:851][  0]LogTexture:Display: Building textures: FunnyDude_Shoes_Specular (AutoDXT)
[2016.10.14-00.06.31:941][  0]LogTexture:Display: Building textures: FunnyDude_Shoes_Opacity (AutoDXT)
[2016.10.14-00.06.32:003][  0]LogTexture:Display: Building textures: FunnyDude_Shoes_Normal (BC5)
[2016.10.14-00.06.32:073][  0]LogTexture:Display: Building textures: FunnyDude_Shoes_Diffuse (AutoDXT)
[2016.10.14-00.06.32:330][  0]LogMaterial: Missing cached shader map for material Shoesmat, compiling. 
[2016.10.14-00.06.32:378][  0]LogTexture:Display: Building textures: FunnyDude_Moustache_Specular (AutoDXT)
[2016.10.14-00.06.32:527][  0]LogTexture:Display: Building textures: FunnyDude_Moustache_Opacity (AutoDXT)
[2016.10.14-00.06.32:732][  0]LogTexture:Display: Building textures: FunnyDude_Moustache_Normal (BC5)
[2016.10.14-00.06.32:805][  0]LogTexture:Display: Building textures: FunnyDude_Moustache_Diffuse (AutoDXT)
[2016.10.14-00.06.32:951][  0]LogMaterial: Missing cached shader map for material Moustachemat, compiling. 
[2016.10.14-00.06.32:998][  0]LogTexture:Display: Building textures: FunnyDude_Hat_Specular (AutoDXT)
[2016.10.14-00.06.33:039][  0]LogTexture:Display: Building textures: FunnyDude_Hat_Opacity (AutoDXT)
[2016.10.14-00.06.33:103][  0]LogTexture:Display: Building textures: FunnyDude_Hat_Normal (BC5)
[2016.10.14-00.06.33:165][  0]LogTexture:Display: Building textures: FunnyDude_Hat_Diffuse (AutoDXT)
[2016.10.14-00.06.33:267][  0]LogMaterial: Missing cached shader map for material Hatmat, compiling. 
[2016.10.14-00.06.33:314][  0]LogTexture:Display: Building textures: FunnyDude_Glove_Specular (AutoDXT)
[2016.10.14-00.06.33:405][  0]LogTexture:Display: Building textures: FunnyDude_Glove_Opacity (AutoDXT)
[2016.10.14-00.06.33:469][  0]LogTexture:Display: Building textures: FunnyDude_Glove_Normal (BC5)
[2016.10.14-00.06.33:553][  0]LogTexture:Display: Building textures: FunnyDude_Glove_Diffuse (AutoDXT)
[2016.10.14-00.06.33:892][  0]LogMaterial: Missing cached shader map for material Glovemat, compiling. 
[2016.10.14-00.06.33:944][  0]LogTexture:Display: Building textures: FunnyDude_Eyewear_Specular (AutoDXT)
[2016.10.14-00.06.34:019][  0]LogTexture:Display: Building textures: FunnyDude_Eyewear_Opacity (AutoDXT)
[2016.10.14-00.06.34:079][  0]LogTexture:Display: Building textures: FunnyDude_Eyewear_Normal (BC5)
[2016.10.14-00.06.34:138][  0]LogTexture:Display: Building textures: FunnyDude_Eyewear_Diffuse (AutoDXT)
[2016.10.14-00.06.34:260][  0]LogMaterial: Missing cached shader map for material Eyewearmat, compiling. 
[2016.10.14-00.06.34:304][  0]LogTexture:Display: Building textures: FunnyDude_Bottom_Specular (AutoDXT)
[2016.10.14-00.06.34:332][  0]LogTexture:Display: Building textures: FunnyDude_Bottom_Opacity (AutoDXT)
[2016.10.14-00.06.34:400][  0]LogTexture:Display: Building textures: FunnyDude_Bottom_Normal (BC5)
[2016.10.14-00.06.34:467][  0]LogTexture:Display: Building textures: FunnyDude_Bottom_Diffuse (AutoDXT)
[2016.10.14-00.06.34:900][  0]LogMaterial: Missing cached shader map for material Bottommat, compiling. 
[2016.10.14-00.06.34:974][  0]LogTexture:Display: Building textures: FunnyDude_Body_Specular (AutoDXT)
[2016.10.14-00.06.35:363][  0]LogTexture:Display: Building textures: FunnyDude_Body_Opacity (AutoDXT)
[2016.10.14-00.06.35:667][  0]LogTexture:Display: Building textures: FunnyDude_Body_Normal (BC5)
[2016.10.14-00.06.35:943][  0]LogTexture:Display: Building textures: FunnyDude_Body_Diffuse (AutoDXT)
[2016.10.14-00.06.37:463][  0]LogMaterial: Missing cached shader map for material Bodymat, compiling. 
[2016.10.14-00.06.37:509][  0]LogMaterial: Missing cached shader map for material Wire, compiling. 
[2016.10.14-00.06.37:551][  0]LogMaterial: Missing cached shader map for material ThickPaint, compiling. 
[2016.10.14-00.06.37:592][  0]LogMaterial: Missing cached shader map for material OilPaint, compiling. 
[2016.10.14-00.06.37:665][  0]LogMaterial: Missing cached shader map for material Light, compiling. 
[2016.10.14-00.06.37:714][  0]LogMaterial: Missing cached shader map for material Jukebox_menu, compiling. 
[2016.10.14-00.06.37:736][  0]LogMaterial: Missing cached shader map for material Jukebox_body, compiling. 
[2016.10.14-00.06.37:774][  0]LogAIModule: Creating AISystem for world ThirdPersonExampleMap
[2016.10.14-00.06.37:996][  0]PerceptionNeuron:Warning: Can't find the actor's animation data. BVH file path:, Avatar Name:Char00.
[2016.10.14-00.06.37:997][  0]PerceptionNeuron:Warning: Can't find the actor's animation data. BVH file path:, Avatar Name:Char00.
[2016.10.14-00.06.37:997][  0]PerceptionNeuron:Warning: Can't find the actor's animation data. BVH file path:, Avatar Name:Char00.
[2016.10.14-00.06.37:998][  0]PerceptionNeuron:Warning: Can't find the actor's animation data. BVH file path:, Avatar Name:Char00.
[2016.10.14-00.06.37:999][  0]PerceptionNeuron:Warning: Can't find the actor's animation data. BVH file path:, Avatar Name:Char00.
[2016.10.14-00.06.38:000][  0]PerceptionNeuron:Warning: Can't find the actor's animation data. BVH file path:, Avatar Name:Char00.
[2016.10.14-00.06.38:001][  0]PerceptionNeuron:Warning: Can't find the actor's animation data. BVH file path:, Avatar Name:Char00.
[2016.10.14-00.06.38:003][  0]PerceptionNeuron:Warning: Can't find the actor's animation data. BVH file path:, Avatar Name:Char00.
[2016.10.14-00.06.38:004][  0]PerceptionNeuron:Warning: Can't find the actor's animation data. BVH file path:, Avatar Name:Char00.
[2016.10.14-00.06.38:005][  0]PerceptionNeuron:Warning: Can't find the actor's animation data. BVH file path:, Avatar Name:Char00.
[2016.10.14-00.06.38:016][  0]PerceptionNeuron:Warning: Can't find the actor's animation data. BVH file path:, Avatar Name:Avatar00.
[2016.10.14-00.06.38:017][  0]PerceptionNeuron:Warning: Can't find the actor's animation data. BVH file path:, Avatar Name:Avatar00.
[2016.10.14-00.06.38:019][  0]PerceptionNeuron:Warning: Can't find the actor's animation data. BVH file path:, Avatar Name:Char00.
[2016.10.14-00.06.38:019][  0]PerceptionNeuron:Warning: Can't find the actor's animation data. BVH file path:, Avatar Name:Char00.
[2016.10.14-00.06.38:020][  0]PerceptionNeuron:Warning: Can't find the actor's animation data. BVH file path:, Avatar Name:Avatar00.
[2016.10.14-00.06.38:022][  0]PerceptionNeuron:Warning: Can't find the actor's animation data. BVH file path:, Avatar Name:Avatar00.
[2016.10.14-00.06.38:023][  0]PerceptionNeuron:Warning: Can't find the actor's animation data. BVH file path:, Avatar Name:Avatar00.
[2016.10.14-00.06.38:025][  0]PerceptionNeuron:Warning: Can't find the actor's animation data. BVH file path:, Avatar Name:Avatar00.
[2016.10.14-00.06.38:027][  0]PerceptionNeuron:Warning: Can't find the actor's animation data. BVH file path:, Avatar Name:Avatar00.
[2016.10.14-00.06.38:028][  0]PerceptionNeuron:Warning: Can't find the actor's animation data. BVH file path:, Avatar Name:Avatar00.
[2016.10.14-00.06.38:030][  0]PerceptionNeuron:Warning: Can't find the actor's animation data. BVH file path:, Avatar Name:Avatar00.
[2016.10.14-00.06.38:031][  0]PerceptionNeuron:Warning: Can't find the actor's animation data. BVH file path:, Avatar Name:Avatar00.
[2016.10.14-00.06.38:032][  0]PerceptionNeuron:Warning: Can't find the actor's animation data. BVH file path:, Avatar Name:Avatar00.
[2016.10.14-00.06.38:033][  0]PerceptionNeuron:Warning: Can't find the actor's animation data. BVH file path:, Avatar Name:Avatar00.
[2016.10.14-00.06.38:034][  0]PerceptionNeuron:Warning: Can't find the actor's animation data. BVH file path:, Avatar Name:Avatar00.
[2016.10.14-00.06.38:035][  0]PerceptionNeuron:Warning: Can't find the actor's animation data. BVH file path:, Avatar Name:Avatar00.
[2016.10.14-00.06.38:036][  0]PerceptionNeuron:Warning: Can't find the actor's animation data. BVH file path:, Avatar Name:Avatar00.
[2016.10.14-00.06.38:037][  0]PerceptionNeuron:Warning: Can't find the actor's animation data. BVH file path:, Avatar Name:Avatar00.
[2016.10.14-00.06.38:038][  0]PerceptionNeuron:Warning: Can't find the actor's animation data. BVH file path:, Avatar Name:Avatar00.
[2016.10.14-00.06.38:039][  0]PerceptionNeuron:Warning: Can't find the actor's animation data. BVH file path:, Avatar Name:Avatar00.
[2016.10.14-00.06.38:046][  0]LogEditorServer: Finished looking for orphan Actors (0.000 secs)
[2016.10.14-00.06.38:049][  0]Cmd: MAP CHECKDEP NOCLEARLOG
[2016.10.14-00.06.38:130][  0]MapCheck: Info Map check complete: 0 Error(s), 0 Warning(s), took 81.128ms to complete.
[2016.10.14-00.06.38:130][  0]LogFileHelpers: Loading map 'ThirdPersonExampleMap' took 10.170
[2016.10.14-00.06.38:488][  0]LogCollectionManager: Loaded 0 collections in 0.004154 seconds
[2016.10.14-00.06.38:550][  0]LogFileCache: Scanning file cache for directory 'C:/Users/leola/Documents/NYU/Term III/Motion Capture/Disco_elvis 3/Saved/Collections/' took 0.01s
[2016.10.14-00.06.38:550][  0]LogFileCache: Scanning file cache for directory 'C:/Users/leola/Documents/NYU/Term III/Motion Capture/Disco_elvis 3/Content/Developers/WenboLan/Collections/' took 0.01s
[2016.10.14-00.06.38:550][  0]LogFileCache: Scanning file cache for directory 'C:/Users/leola/Documents/NYU/Term III/Motion Capture/Disco_elvis 3/Content/Collections/' took 0.01s
[2016.10.14-00.06.38:550][  0]LogCollectionManager: Rebuilt the GUID cache for 0 collections in 0.000004 seconds
[2016.10.14-00.06.38:569][  0]LogContentBrowser: Native class hierarchy populated in 0.0154 seconds. Added 2069 classes and 382 folders.
[2016.10.14-00.06.38:579][  0]LogStats: UGameplayTagsManager::ConstructGameplayTagTree: Construct from data asset -  0.000 s
[2016.10.14-00.06.38:579][  0]LogStats: UGameplayTagsManager::ConstructGameplayTagTree: GameplayTagTreeChangedEvent.Broadcast -  0.000 s
[2016.10.14-00.06.38:580][  0]LogContentBrowser: Native class hierarchy updated for 'GameplayTags' in 0.0007 seconds. Added 12 classes and 0 folders.
[2016.10.14-00.06.38:590][  0]LogContentBrowser: Native class hierarchy updated for 'WidgetCarousel' in 0.0006 seconds. Added 0 classes and 0 folders.
[2016.10.14-00.06.38:620][  0]LogContentBrowser: Native class hierarchy updated for 'AddContentDialog' in 0.0006 seconds. Added 0 classes and 0 folders.
[2016.10.14-00.06.38:636][  0]LogContentBrowser: Native class hierarchy updated for 'SceneOutliner' in 0.0006 seconds. Added 1 classes and 2 folders.
[2016.10.14-00.06.38:705][  0]LogCrashTracker: Crashtracker disabled due to settings.
[2016.10.14-00.06.38:728][  0]LogWindowsTextInputMethodSystem:Display: IME system now deactivated.
[2016.10.14-00.06.38:728][  0]LogWindowsTextInputMethodSystem:Display: IME system now deactivated.
[2016.10.14-00.06.39:103][  0]LogContentBrowser: Native class hierarchy updated for 'HierarchicalLODOutliner' in 0.0006 seconds. Added 1 classes and 2 folders.
[2016.10.14-00.06.39:103][  0]LogLoad: Full Startup: 28.85 seconds (BP compile: 0.25 seconds)
[2016.10.14-00.06.39:103][  0]LogExternalProfiler: Found external profiler: VSPerf
[2016.10.14-00.06.39:103][  0]LogExternalProfiler: Using external profiler: VSPerf
[2016.10.14-00.06.39:124][  0]LogOcInput: OculusInput pre-init called
[2016.10.14-00.06.39:169][  0]LogContentStreaming: Texture pool size now 1000 MB
[2016.10.14-00.06.39:481][  0]LogRenderer: Reallocating scene render targets to support 944x524 (Frame:2).
[2016.10.14-00.06.40:621][  1]LogFileCache: Retrieving MD5 hashes for directory 'C:/Users/leola/Documents/NYU/Term III/Motion Capture/Disco_elvis 3/Content/' took 1.48s
[2016.10.14-00.06.41:322][  4]PerceptionNeuron:Warning: Can't find the actor's animation data. BVH file path:, Avatar Name:Char00.
[2016.10.14-00.06.41:322][  4]PerceptionNeuron:Warning: Can't find the actor's animation data. BVH file path:, Avatar Name:Char00.
[2016.10.14-00.06.41:398][  5]LogAssetRegistry: Asset discovery search completed in 19.8894 seconds
[2016.10.14-00.06.41:399][  5]LogCollectionManager: Rebuilt the object cache for 0 collections in 0.000007 seconds (found 0 objects)
[2016.10.14-00.06.41:399][  5]LogCollectionManager: Fixed up redirectors for 0 collections in 0.000372 seconds (updated 0 objects)
[2016.10.14-00.07.32:153][381]LogSynthBenchmark:Display: FSynthBenchmark (V0.95):  requested WorkScale=1.00
[2016.10.14-00.07.32:153][381]LogSynthBenchmark:Display: ===============
[2016.10.14-00.07.32:153][381]LogSynthBenchmark:Display: Main Processor:
[2016.10.14-00.07.32:244][381]LogSynthBenchmark:Display:          ... 0.052098 s/Run 'RayIntersect'
[2016.10.14-00.07.32:244][381]LogSynthBenchmark:Display:          ... 0.039486 s/Run 'Fractal'
[2016.10.14-00.07.32:244][381]LogSynthBenchmark:Display: 
[2016.10.14-00.07.32:244][381]LogSynthBenchmark:Display:   CompiledTarget_x_Bits: 64
[2016.10.14-00.07.32:244][381]LogSynthBenchmark:Display:   UE_BUILD_SHIPPING: 0
[2016.10.14-00.07.32:244][381]LogSynthBenchmark:Display:   UE_BUILD_TEST: 0
[2016.10.14-00.07.32:244][381]LogSynthBenchmark:Display:   UE_BUILD_DEBUG: 0
[2016.10.14-00.07.32:244][381]LogSynthBenchmark:Display:   TotalPhysicalGBRam: 16
[2016.10.14-00.07.32:244][381]LogSynthBenchmark:Display:   NumberOfCores (physical): 2
[2016.10.14-00.07.32:244][381]LogSynthBenchmark:Display:   NumberOfCores (logical): 4
[2016.10.14-00.07.32:245][381]LogSynthBenchmark:Display:   CPU Perf Index 0: 49.2 (weight 1.00)
[2016.10.14-00.07.32:245][381]LogSynthBenchmark:Display:   CPU Perf Index 1: 72.4 (weight 1.50)
[2016.10.14-00.07.32:245][381]LogSynthBenchmark:Display:  
[2016.10.14-00.07.32:245][381]LogSynthBenchmark:Display: Graphics:
[2016.10.14-00.07.32:245][381]LogSynthBenchmark:Display:   Adapter Name: 'Intel(R) HD Graphics 520'
[2016.10.14-00.07.32:245][381]LogSynthBenchmark:Display:   (On Optimus the name might be wrong, memory should be ok)
[2016.10.14-00.07.32:245][381]LogSynthBenchmark:Display:   Vendor Id: 0x8086
[2016.10.14-00.07.32:245][381]LogSynthBenchmark:Display:   Device Id: 0x1916
[2016.10.14-00.07.32:245][381]LogSynthBenchmark:Display:   GPU Memory: 128/0/8156 MB
[2016.10.14-00.07.32:394][381]LogSynthBenchmark:Display:   GPU first test: 0.06s
[2016.10.14-00.07.32:394][381]LogSynthBenchmark:Display:          ... 0.293 GigaPix/s, Confidence=89% 'ALUHeavyNoise' (likely to be very inaccurate)
[2016.10.14-00.07.32:394][381]LogSynthBenchmark:Display:          ... 0.243 GigaPix/s, Confidence=100% 'TexHeavy' (likely to be very inaccurate)
[2016.10.14-00.07.32:394][381]LogSynthBenchmark:Display:          ... 0.217 GigaPix/s, Confidence=89% 'DepTexHeavy' (likely to be very inaccurate)
[2016.10.14-00.07.32:394][381]LogSynthBenchmark:Display:          ... 0.738 GigaPix/s, Confidence=89% 'FillOnly' (likely to be very inaccurate)
[2016.10.14-00.07.32:394][381]LogSynthBenchmark:Display:          ... 0.049 GigaPix/s, Confidence=100% 'Bandwidth' (likely to be very inaccurate)
[2016.10.14-00.07.32:659][381]LogSynthBenchmark:Display:   GPU second test: 0.23s
[2016.10.14-00.07.32:659][381]LogSynthBenchmark:Display:          ... 0.659 GigaPix/s, Confidence=60% 'ALUHeavyNoise' (likely to be inaccurate)
[2016.10.14-00.07.32:659][381]LogSynthBenchmark:Display:          ... 0.527 GigaPix/s, Confidence=100% 'TexHeavy' (likely to be inaccurate)
[2016.10.14-00.07.32:659][381]LogSynthBenchmark:Display:          ... 0.445 GigaPix/s, Confidence=100% 'DepTexHeavy' (likely to be inaccurate)
[2016.10.14-00.07.32:659][381]LogSynthBenchmark:Display:          ... 3.507 GigaPix/s, Confidence=81% 'FillOnly' (likely to be inaccurate)
[2016.10.14-00.07.32:659][381]LogSynthBenchmark:Display:          ... 0.078 GigaPix/s, Confidence=100% 'Bandwidth' (likely to be inaccurate)
[2016.10.14-00.07.32:694][381]LogSynthBenchmark:Display:          ... 0.659 GigaPix/s, Confidence=60% 'ALUHeavyNoise'
[2016.10.14-00.07.32:694][381]LogSynthBenchmark:Display:          ... 0.527 GigaPix/s, Confidence=100% 'TexHeavy'
[2016.10.14-00.07.32:694][381]LogSynthBenchmark:Display:          ... 0.445 GigaPix/s, Confidence=100% 'DepTexHeavy'
[2016.10.14-00.07.32:694][381]LogSynthBenchmark:Display:          ... 3.507 GigaPix/s, Confidence=81% 'FillOnly'
[2016.10.14-00.07.32:694][381]LogSynthBenchmark:Display:          ... 0.078 GigaPix/s, Confidence=100% 'Bandwidth'
[2016.10.14-00.07.32:694][381]LogSynthBenchmark:Display: 
[2016.10.14-00.07.32:694][381]LogSynthBenchmark:Display:   GPU Perf Index 0: 14.3 (weight 1.00)
[2016.10.14-00.07.32:694][381]LogSynthBenchmark:Display:   GPU Perf Index 1: 7.1 (weight 0.10)
[2016.10.14-00.07.32:694][381]LogSynthBenchmark:Display:   GPU Perf Index 2: 11.6 (weight 0.10)
[2016.10.14-00.07.32:694][381]LogSynthBenchmark:Display:   GPU Perf Index 3: 13.8 (weight 3.00)
[2016.10.14-00.07.32:694][381]LogSynthBenchmark:Display:   GPU Perf Index 4: 7.3 (weight 1.00)
[2016.10.14-00.07.32:694][381]LogSynthBenchmark:Display:   CPUIndex: 63.1
[2016.10.14-00.07.32:694][381]LogSynthBenchmark:Display:   GPUIndex: 12.5
[2016.10.14-00.07.32:694][381]LogSynthBenchmark:Display: 
[2016.10.14-00.07.32:694][381]LogSynthBenchmark:Display:          ... Total Time: 0.541294 sec
[2016.10.14-00.07.34:329][384]LogContentStreaming: Texture pool size now 200 MB
[2016.10.14-00.07.52:275][437]LogRenderer: Reallocating scene render targets to support 944x524 (Frame:289).
[2016.10.14-00.10.48:329][949]LogConsoleManager:Warning: Performance warning: Console object named 'PerfWarn.FineSampleTime' shows many (500) FindConsoleObject() calls (consider caching e.g. using static)
[2016.10.14-00.18.24:576][388]LogEditorViewport: Clicking on Actor (LMB): StaticMeshActor (Wall5)
[2016.10.14-00.28.04:717][723]Cmd: QUIT_EDITOR
[2016.10.14-00.28.04:802][723]LogWindowsTextInputMethodSystem:Display: IME system now deactivated.
[2016.10.14-00.28.04:802][723]LogWindowsTextInputMethodSystem:Display: IME system now deactivated.
[2016.10.14-00.28.04:847][723]LogExit: Preparing to exit.
[2016.10.14-00.28.05:531][723]LogExit: Editor shut down
[2016.10.14-00.28.05:532][723]LogExit: Transaction tracking system shut down
[2016.10.14-00.28.05:726][723]LogObj: Freed 0b from 0 cluster array pools.
[2016.10.14-00.28.05:726][723]LogExit: Object subsystem successfully closed.
[2016.10.14-00.28.05:758][723]LogD3D11RHI: Shutdown
[2016.10.14-00.28.05:759][723]LogD3D11RHI: CleanupD3DDevice
[2016.10.14-00.28.05:939][723]LogD3D11RHI: ~FD3D11DynamicRHI
[2016.10.14-00.28.05:991][723]LogModuleManager: Shutting down and abandoning module SynthBenchmark (218)
[2016.10.14-00.28.05:991][723]LogModuleManager: Shutting down and abandoning module HierarchicalLODOutliner (217)
[2016.10.14-00.28.05:992][723]LogModuleManager: Shutting down and abandoning module CrashTracker (216)
[2016.10.14-00.28.05:992][723]LogModuleManager: Shutting down and abandoning module SceneOutliner (215)
[2016.10.14-00.28.05:992][723]LogModuleManager: Shutting down and abandoning module WidgetCarousel (214)
[2016.10.14-00.28.05:992][723]LogModuleManager: Shutting down and abandoning module AddContentDialog (213)
[2016.10.14-00.28.05:995][723]LogModuleManager: Shutting down and abandoning module GameplayTags (212)
[2016.10.14-00.28.05:995][723]LogModuleManager: Shutting down and abandoning module EditorWidgets (211)
[2016.10.14-00.28.05:995][723]LogModuleManager: Shutting down and abandoning module CollectionManager (210)
[2016.10.14-00.28.05:996][723]LogModuleManager: Shutting down and abandoning module StatsViewer (209)
[2016.10.14-00.28.05:998][723]LogModuleManager: Shutting down and abandoning module FoliageEdit (208)
[2016.10.14-00.28.05:998][723]LogModuleManager: Shutting down and abandoning module LandscapeEditor (207)
[2016.10.14-00.28.06:001][723]LogModuleManager: Shutting down and abandoning module SceneDepthPickerMode (206)
[2016.10.14-00.28.06:001][723]LogModuleManager: Shutting down and abandoning module ActorPickerMode (205)
[2016.10.14-00.28.06:001][723]LogModuleManager: Shutting down and abandoning module GeometryMode (204)
[2016.10.14-00.28.06:001][723]LogModuleManager: Shutting down and abandoning module TextureAlignMode (203)
[2016.10.14-00.28.06:001][723]LogModuleManager: Shutting down and abandoning module BspMode (202)
[2016.10.14-00.28.06:001][723]LogModuleManager: Shutting down and abandoning module HardwareSurvey (201)
[2016.10.14-00.28.06:001][723]LogModuleManager: Shutting down and abandoning module SequenceRecorderSections (200)
[2016.10.14-00.28.06:001][723]LogModuleManager: Shutting down and abandoning module SequenceRecorder (199)
[2016.10.14-00.28.06:002][723]LogModuleManager: Shutting down and abandoning module AutomationWorker (198)
[2016.10.14-00.28.06:002][723]LogModuleManager: Shutting down and abandoning module MatineeToLevelSequence (197)
[2016.10.14-00.28.06:002][723]LogModuleManager: Shutting down and abandoning module PlacementMode (196)
[2016.10.14-00.28.06:002][723]LogModuleManager: Shutting down and abandoning module LevelSequenceEditor (195)
[2016.10.14-00.28.06:005][723]LogModuleManager: Shutting down and abandoning module CharacterAI (194)
[2016.10.14-00.28.06:005][723]LogModuleManager: Shutting down and abandoning module SmartSnapping (193)
[2016.10.14-00.28.06:005][723]LogModuleManager: Shutting down and abandoning module SessionServices (192)
[2016.10.14-00.28.06:005][723]LogModuleManager: Shutting down and abandoning module ViewportSnapping (191)
[2016.10.14-00.28.06:005][723]LogModuleManager: Shutting down and abandoning module LogVisualizer (190)
[2016.10.14-00.28.06:006][723]LogModuleManager: Shutting down and abandoning module GameProjectGeneration (189)
[2016.10.14-00.28.06:008][723]LogModuleManager: Shutting down and abandoning module IntroTutorials (188)
[2016.10.14-00.28.06:008][723]LogModuleManager: Shutting down and abandoning module EditorLiveStreaming (187)
[2016.10.14-00.28.06:008][723]LogModuleManager: Shutting down and abandoning module IOSPlatformEditor (186)
[2016.10.14-00.28.06:009][723]LogModuleManager: Shutting down and abandoning module HTML5PlatformEditor (185)
[2016.10.14-00.28.06:009][723]LogModuleManager: Shutting down and abandoning module AndroidDeviceDetection (184)
[2016.10.14-00.28.06:055][723]LogModuleManager: Shutting down and abandoning module AndroidPlatformEditor (183)
[2016.10.14-00.28.06:056][723]LogModuleManager: Shutting down and abandoning module IOSRuntimeSettings (182)
[2016.10.14-00.28.06:056][723]LogModuleManager: Shutting down and abandoning module AndroidRuntimeSettings (181)
[2016.10.14-00.28.06:056][723]LogModuleManager: Shutting down and abandoning module MergeActors (180)
[2016.10.14-00.28.06:057][723]LogModuleManager: Shutting down and abandoning module SizeMap (179)
[2016.10.14-00.28.06:057][723]LogModuleManager: Shutting down and abandoning module TreeMap (178)
[2016.10.14-00.28.06:057][723]LogModuleManager: Shutting down and abandoning module ReferenceViewer (177)
[2016.10.14-00.28.06:058][723]LogModuleManager: Shutting down and abandoning module LocalizationService (176)
[2016.10.14-00.28.06:058][723]LogModuleManager: Shutting down and abandoning module LocalizationDashboard (175)
[2016.10.14-00.28.06:059][723]LogModuleManager: Shutting down and abandoning module HardwareTargeting (174)
[2016.10.14-00.28.06:060][723]LogModuleManager: Shutting down and abandoning module DeviceProfileEditor (173)
[2016.10.14-00.28.06:061][723]LogModuleManager: Shutting down and abandoning module UndoHistory (172)
[2016.10.14-00.28.06:061][723]LogModuleManager: Shutting down and abandoning module UserFeedback (171)
[2016.10.14-00.28.06:061][723]LogModuleManager: Shutting down and abandoning module XmlParser (170)
[2016.10.14-00.28.06:061][723]LogModuleManager: Shutting down and abandoning module Blutility (169)
[2016.10.14-00.28.06:061][723]LogModuleManager: Shutting down and abandoning module ProjectTargetPlatformEditor (168)
[2016.10.14-00.28.06:062][723]LogModuleManager: Shutting down and abandoning module ProjectSettingsViewer (167)
[2016.10.14-00.28.06:062][723]LogModuleManager: Shutting down and abandoning module InputBindingEditor (166)
[2016.10.14-00.28.06:062][723]LogModuleManager: Shutting down and abandoning module EditorSettingsViewer (165)
[2016.10.14-00.28.06:063][723]LogModuleManager: Shutting down and abandoning module SettingsEditor (164)
[2016.10.14-00.28.06:064][723]LogModuleManager: Shutting down and abandoning module ProjectLauncher (163)
[2016.10.14-00.28.06:065][723]LogModuleManager: Shutting down and abandoning module SessionFrontend (162)
[2016.10.14-00.28.06:066][723]LogModuleManager: Shutting down and abandoning module ProfilerClient (161)
[2016.10.14-00.28.06:067][723]LogModuleManager: Shutting down and abandoning module TargetDeviceServices (160)
[2016.10.14-00.28.06:067][723]LogModuleManager: Shutting down and abandoning module DeviceManager (159)
[2016.10.14-00.28.06:113][723]LogModuleManager: Shutting down and abandoning module AutomationController (158)
[2016.10.14-00.28.06:115][723]LogModuleManager: Shutting down and abandoning module AutomationWindow (157)
[2016.10.14-00.28.06:116][723]LogModuleManager: Shutting down and abandoning module Layers (156)
[2016.10.14-00.28.06:119][723]LogModuleManager: Shutting down and abandoning module ComponentVisualizers (155)
[2016.10.14-00.28.06:119][723]LogModuleManager: Shutting down and abandoning module DetailCustomizations (154)
[2016.10.14-00.28.06:119][723]LogModuleManager: Shutting down and abandoning module PackagesDialog (153)
[2016.10.14-00.28.06:120][723]LogModuleManager: Shutting down and abandoning module Persona (152)
[2016.10.14-00.28.06:123][723]LogModuleManager: Shutting down and abandoning module Kismet (151)
[2016.10.14-00.28.06:124][723]LogModuleManager: Shutting down and abandoning module GraphEditor (150)
[2016.10.14-00.28.06:126][723]LogModuleManager: Shutting down and abandoning module ClassViewer (149)
[2016.10.14-00.28.06:127][723]LogModuleManager: Shutting down and abandoning module Toolbox (148)
[2016.10.14-00.28.06:128][723]LogModuleManager: Shutting down and abandoning module ModuleUI (147)
[2016.10.14-00.28.06:128][723]LogModuleManager: Shutting down and abandoning module MovieSceneTools (146)
[2016.10.14-00.28.06:129][723]LogModuleManager: Shutting down and abandoning module OutputLog (145)
[2016.10.14-00.28.06:130][723]LogModuleManager: Shutting down and abandoning module GammaUI (144)
[2016.10.14-00.28.06:130][723]LogModuleManager: Shutting down and abandoning module Documentation (143)
[2016.10.14-00.28.06:130][723]LogModuleManager: Shutting down and abandoning module StreamingPauseRendering (142)
[2016.10.14-00.28.06:130][723]LogModuleManager: Shutting down and abandoning module AnalyticsET (141)
[2016.10.14-00.28.06:131][723]LogModuleManager: Shutting down and abandoning module Analytics (140)
[2016.10.14-00.28.06:131][723]LogModuleManager: Shutting down and abandoning module PortalServices (139)
[2016.10.14-00.28.06:131][723]LogModuleManager: Shutting down and abandoning module PortalRpc (138)
[2016.10.14-00.28.06:131][723]LogModuleManager: Shutting down and abandoning module MessagingRpc (137)
[2016.10.14-00.28.06:131][723]LogModuleManager: Shutting down and abandoning module GameplayDebugger (136)
[2016.10.14-00.28.06:131][723]LogModuleManager: Shutting down and abandoning module AITestSuite (135)
[2016.10.14-00.28.06:132][723]LogModuleManager: Shutting down and abandoning module AIModule (134)
[2016.10.14-00.28.06:132][723]LogModuleManager: Shutting down and abandoning module ProfilerService (133)
[2016.10.14-00.28.06:380][723]LogModuleManager: Shutting down and abandoning module TaskGraph (132)
[2016.10.14-00.28.06:382][723]LogModuleManager: Shutting down and abandoning module SubstanceEditor (131)
[2016.10.14-00.28.06:382][723]LogModuleManager: Shutting down and abandoning module PerceptionNeuronEditor (130)
[2016.10.14-00.28.06:382][723]LogModuleManager: Shutting down and abandoning module PerceptionNeuronRuntime (129)
[2016.10.14-00.28.06:382][723]PerceptionNeuron:Display: PerceptionNeuron plugin shutdown.
[2016.10.14-00.28.06:382][723]LogModuleManager: Shutting down and abandoning module SlateRemote (128)
[2016.10.14-00.28.06:382][723]LogModuleManager: Shutting down and abandoning module SteamVRController (127)
[2016.10.14-00.28.06:382][723]LogModuleManager: Shutting down and abandoning module SteamVR (126)
[2016.10.14-00.28.06:382][723]LogModuleManager: Shutting down and abandoning module ProceduralMeshComponent (125)
[2016.10.14-00.28.06:382][723]LogModuleManager: Shutting down and abandoning module OculusLibrary (124)
[2016.10.14-00.28.06:382][723]LogModuleManager: Shutting down and abandoning module OculusInput (123)
[2016.10.14-00.28.06:382][723]LogModuleManager: Shutting down and abandoning module CustomMeshComponent (122)
[2016.10.14-00.28.06:383][723]LogModuleManager: Shutting down and abandoning module CableComponent (121)
[2016.10.14-00.28.06:383][723]LogModuleManager: Shutting down and abandoning module ArchVisCharacter (120)
[2016.10.14-00.28.06:383][723]LogModuleManager: Shutting down and abandoning module MediaPlayerEditor (119)
[2016.10.14-00.28.06:385][723]LogModuleManager: Shutting down and abandoning module HTML5Networking (118)
[2016.10.14-00.28.06:385][723]LogModuleManager: Shutting down and abandoning module SuperSearch (117)
[2016.10.14-00.28.06:385][723]LogModuleManager: Shutting down and abandoning module SuperSearchEditor (116)
[2016.10.14-00.28.06:385][723]LogModuleManager: Shutting down and abandoning module SpeedTreeImporter (115)
[2016.10.14-00.28.06:385][723]LogModuleManager: Shutting down and abandoning module PluginBrowser (114)
[2016.10.14-00.28.06:386][723]LogModuleManager: Shutting down and abandoning module EpicSurvey (113)
[2016.10.14-00.28.06:386][723]LogModuleManager: Shutting down and abandoning module DesktopPlatform (112)
[2016.10.14-00.28.06:387][723]LogModuleManager: Shutting down and abandoning module VisualStudioSourceCodeAccess (111)
[2016.10.14-00.28.06:387][723]LogModuleManager: Shutting down and abandoning module UObjectPlugin (110)
[2016.10.14-00.28.06:387][723]LogModuleManager: Shutting down and abandoning module SubversionSourceControl (109)
[2016.10.14-00.28.06:388][723]LogModuleManager: Shutting down and abandoning module PerforceSourceControl (108)
[2016.10.14-00.28.06:389][723]LogModuleManager: Shutting down and abandoning module SourceControl (107)
[2016.10.14-00.28.06:390][723]LogModuleManager: Shutting down and abandoning module GitSourceControl (106)
[2016.10.14-00.28.06:391][723]LogModuleManager: Shutting down and abandoning module LightPropagationVolumeEditor (105)
[2016.10.14-00.28.06:391][723]LogModuleManager: Shutting down and abandoning module PaperTiledImporter (104)
[2016.10.14-00.28.06:391][723]LogModuleManager: Shutting down and abandoning module PaperSpriteSheetImporter (103)
[2016.10.14-00.28.06:391][723]LogModuleManager: Shutting down and abandoning module MeshPaint (102)
[2016.10.14-00.28.06:391][723]LogModuleManager: Shutting down and abandoning module PixelInspectorModule (101)
[2016.10.14-00.28.06:392][723]LogModuleManager: Shutting down and abandoning module HotReload (100)
[2016.10.14-00.28.06:393][723]LogModuleManager: Shutting down and abandoning module MainFrame (99)
[2016.10.14-00.28.06:393][723]LogModuleManager: Shutting down and abandoning module LevelEditor (98)
[2016.10.14-00.28.06:394][723]LogModuleManager: Shutting down and abandoning module ContentBrowser (97)
[2016.10.14-00.28.06:394][723]LogModuleManager: Shutting down and abandoning module Paper2DEditor (96)
[2016.10.14-00.28.06:396][723]LogModuleManager: Shutting down and abandoning module UdpMessaging (95)
[2016.10.14-00.28.06:497][723]LogModuleManager: Shutting down and abandoning module SubstanceCore (94)
[2016.10.14-00.28.06:497][723]LogModuleManager: Shutting down and abandoning module LightPropagationVolumeRuntime (93)
[2016.10.14-00.28.06:497][723]LogModuleManager: Shutting down and abandoning module Paper2D (92)
[2016.10.14-00.28.06:498][723]LogModuleManager: Shutting down and abandoning module WindowsMoviePlayer (91)
[2016.10.14-00.28.06:498][723]LogModuleManager: Shutting down and abandoning module Media (90)
[2016.10.14-00.28.06:498][723]LogModuleManager: Shutting down and abandoning module WmfMedia (89)
[2016.10.14-00.28.06:499][723]LogModuleManager: Shutting down and abandoning module MediaAssets (88)
[2016.10.14-00.28.06:499][723]LogModuleManager: Shutting down and abandoning module GameLiveStreaming (87)
[2016.10.14-00.28.06:499][723]LogModuleManager: Shutting down and abandoning module GameplayTagsEditor (86)
[2016.10.14-00.28.06:499][723]LogModuleManager: Shutting down and abandoning module OnlineBlueprintSupport (85)
[2016.10.14-00.28.06:499][723]LogModuleManager: Shutting down and abandoning module VREditor (84)
[2016.10.14-00.28.06:499][723]LogModuleManager: Shutting down and abandoning module GameplayTasksEditor (83)
[2016.10.14-00.28.06:499][723]LogModuleManager: Shutting down and abandoning module PropertyEditor (82)
[2016.10.14-00.28.06:499][723]LogModuleManager: Shutting down and abandoning module BehaviorTreeEditor (81)
[2016.10.14-00.28.06:501][723]LogModuleManager: Shutting down and abandoning module FunctionalTesting (80)
[2016.10.14-00.28.06:501][723]LogModuleManager: Shutting down and abandoning module CollisionAnalyzer (79)
[2016.10.14-00.28.06:502][723]LogModuleManager: Shutting down and abandoning module Sequencer (78)
[2016.10.14-00.28.06:503][723]LogModuleManager: Shutting down and abandoning module WorkspaceMenuStructure (77)
[2016.10.14-00.28.06:503][723]LogModuleManager: Shutting down and abandoning module MessageLog (76)
[2016.10.14-00.28.06:503][723]LogModuleManager: Shutting down and abandoning module AssetTools (75)
[2016.10.14-00.28.06:504][723]LogModuleManager: Shutting down and abandoning module UMGEditor (74)
[2016.10.14-00.28.06:506][723]LogModuleManager: Shutting down and abandoning module UMG (73)
[2016.10.14-00.28.06:507][723]LogModuleManager: Shutting down and abandoning module SlateReflector (72)
[2016.10.14-00.28.06:509][723]LogModuleManager: Shutting down and abandoning module Slate (71)
[2016.10.14-00.28.06:509][723]LogModuleManager: Shutting down and abandoning module EditorStyle (70)
[2016.10.14-00.28.06:511][723]LogModuleManager: Shutting down and abandoning module SourceCodeAccess (69)
[2016.10.14-00.28.06:511][723]LogModuleManager: Shutting down and abandoning module HeadMountedDisplay (68)
[2016.10.14-00.28.06:511][723]LogModuleManager: Shutting down and abandoning module XAudio2 (67)
[2016.10.14-00.28.06:511][723]LogModuleManager: Shutting down and abandoning module Networking (65)
[2016.10.14-00.28.06:511][723]LogModuleManager: Shutting down and abandoning module Core (64)
[2016.10.14-00.28.06:511][723]LogModuleManager: Shutting down and abandoning module DirectoryWatcher (63)
[2016.10.14-00.28.06:513][723]LogModuleManager: Shutting down and abandoning module AssetRegistry (62)
[2016.10.14-00.28.06:706][723]LogModuleManager: Shutting down and abandoning module KismetCompiler (61)
[2016.10.14-00.28.06:706][723]LogModuleManager: Shutting down and abandoning module PhysXFormats (60)
[2016.10.14-00.28.06:706][723]LogModuleManager: Shutting down and abandoning module MeshUtilities (59)
[2016.10.14-00.28.06:707][723]LogModuleManager: Shutting down and abandoning module DerivedDataCache (58)
[2016.10.14-00.28.06:729][723]LogDerivedDataCache: Shutdown
[2016.10.14-00.28.06:729][723]LogModuleManager: Shutting down and abandoning module VulkanShaderFormat (57)
[2016.10.14-00.28.06:729][723]LogModuleManager: Shutting down and abandoning module ShaderFormatOpenGL (56)
[2016.10.14-00.28.06:733][723]LogModuleManager: Shutting down and abandoning module ShaderFormatD3D (55)
[2016.10.14-00.28.06:733][723]LogModuleManager: Shutting down and abandoning module MetalShaderFormat (54)
[2016.10.14-00.28.06:734][723]LogModuleManager: Shutting down and abandoning module TextureFormatUncompressed (53)
[2016.10.14-00.28.06:734][723]LogModuleManager: Shutting down and abandoning module TextureFormatPVR (52)
[2016.10.14-00.28.06:734][723]LogModuleManager: Shutting down and abandoning module TextureFormatIntelISPCTexComp (51)
[2016.10.14-00.28.06:734][723]LogModuleManager: Shutting down and abandoning module TextureFormatDXT (50)
[2016.10.14-00.28.06:734][723]LogModuleManager: Shutting down and abandoning module ImageWrapper (49)
[2016.10.14-00.28.06:734][723]LogModuleManager: Shutting down and abandoning module TextureFormatASTC (48)
[2016.10.14-00.28.06:734][723]LogModuleManager: Shutting down and abandoning module TextureFormatAndroid (47)
[2016.10.14-00.28.06:734][723]LogModuleManager: Shutting down and abandoning module AudioFormatOpus (46)
[2016.10.14-00.28.06:734][723]LogModuleManager: Shutting down and abandoning module AudioFormatOgg (45)
[2016.10.14-00.28.06:734][723]LogModuleManager: Shutting down and abandoning module AudioFormatADPCM (44)
[2016.10.14-00.28.06:734][723]LogModuleManager: Shutting down and abandoning module LinuxTargetPlatform (43)
[2016.10.14-00.28.06:734][723]LogModuleManager: Shutting down and abandoning module LinuxServerTargetPlatform (42)
[2016.10.14-00.28.06:734][723]LogModuleManager: Shutting down and abandoning module LinuxNoEditorTargetPlatform (41)
[2016.10.14-00.28.06:734][723]LogModuleManager: Shutting down and abandoning module TVOSTargetPlatform (40)
[2016.10.14-00.28.06:734][723]LogModuleManager: Shutting down and abandoning module Messaging (39)
[2016.10.14-00.28.06:734][723]LogModuleManager: Shutting down and abandoning module IOSTargetPlatform (38)
[2016.10.14-00.28.06:734][723]LogModuleManager: Shutting down and abandoning module HTML5TargetPlatform (37)
[2016.10.14-00.28.06:734][723]LogModuleManager: Shutting down and abandoning module Android_PVRTCTargetPlatform (36)
[2016.10.14-00.28.06:734][723]LogModuleManager: Shutting down and abandoning module Android_MultiTargetPlatform (35)
[2016.10.14-00.28.06:735][723]LogModuleManager: Shutting down and abandoning module Android_ETC2TargetPlatform (34)
[2016.10.14-00.28.06:735][723]LogModuleManager: Shutting down and abandoning module Android_ETC1TargetPlatform (33)
[2016.10.14-00.28.06:735][723]LogModuleManager: Shutting down and abandoning module Android_DXTTargetPlatform (32)
[2016.10.14-00.28.06:735][723]LogModuleManager: Shutting down and abandoning module Android_ATCTargetPlatform (31)
[2016.10.14-00.28.06:735][723]LogModuleManager: Shutting down and abandoning module Android_ASTCTargetPlatform (30)
[2016.10.14-00.28.06:735][723]LogModuleManager: Shutting down and abandoning module AndroidTargetPlatform (29)
[2016.10.14-00.28.06:735][723]LogModuleManager: Shutting down and abandoning module WindowsTargetPlatform (28)
[2016.10.14-00.28.06:735][723]LogModuleManager: Shutting down and abandoning module WindowsServerTargetPlatform (27)
[2016.10.14-00.28.06:735][723]LogModuleManager: Shutting down and abandoning module WindowsNoEditorTargetPlatform (26)
[2016.10.14-00.28.06:735][723]LogModuleManager: Shutting down and abandoning module WindowsClientTargetPlatform (25)
[2016.10.14-00.28.06:735][723]LogModuleManager: Shutting down and abandoning module AllDesktopTargetPlatform (24)
[2016.10.14-00.28.06:735][723]LogModuleManager: Shutting down and abandoning module TargetPlatform (23)
[2016.10.14-00.28.06:735][723]LogModuleManager: Shutting down and abandoning module InputCore (22)
[2016.10.14-00.28.06:735][723]LogModuleManager: Shutting down and abandoning module Settings (21)
[2016.10.14-00.28.06:735][723]LogModuleManager: Shutting down and abandoning module OnlineSubsystem (19)
[2016.10.14-00.28.06:735][723]LogModuleManager: Shutting down and abandoning module HTTP (18)
[2016.10.14-00.28.08:241][723]LogModuleManager: Shutting down and abandoning module XMPP (17)
[2016.10.14-00.28.08:258][723]LogModuleManager: Shutting down and abandoning module OculusRift (16)
[2016.10.14-00.28.08:259][723]LogModuleManager: Shutting down and abandoning module ExampleDeviceProfileSelector (15)
[2016.10.14-00.28.08:259][723]LogModuleManager: Shutting down and abandoning module TextureCompressor (14)
[2016.10.14-00.28.08:259][723]LogModuleManager: Shutting down and abandoning module ShaderCore (13)
[2016.10.14-00.28.08:259][723]LogModuleManager: Shutting down and abandoning module Landscape (12)
[2016.10.14-00.28.08:259][723]LogModuleManager: Shutting down and abandoning module SlateRHIRenderer (11)
[2016.10.14-00.28.08:262][723]LogModuleManager: Shutting down and abandoning module OpenGLDrv (10)
[2016.10.14-00.28.08:262][723]LogModuleManager: Shutting down and abandoning module D3D11RHI (9)
[2016.10.14-00.28.08:262][723]LogModuleManager: Shutting down and abandoning module AnimGraphRuntime (8)
[2016.10.14-00.28.08:262][723]LogModuleManager: Shutting down and abandoning module Renderer (7)
[2016.10.14-00.28.08:262][723]LogModuleManager: Shutting down and abandoning module Engine (6)
[2016.10.14-00.28.08:262][723]LogModuleManager: Shutting down and abandoning module CoreUObject (5)
[2016.10.14-00.28.08:262][723]LogModuleManager: Shutting down and abandoning module NetworkFile (4)
[2016.10.14-00.28.08:262][723]LogModuleManager: Shutting down and abandoning module StreamingFile (3)
[2016.10.14-00.28.08:262][723]LogModuleManager: Shutting down and abandoning module SandboxFile (2)
[2016.10.14-00.28.08:262][723]LogModuleManager: Shutting down and abandoning module PakFile (1)
[2016.10.14-00.28.08:266][723]LogExit: Exiting.
[2016.10.14-00.28.08:292][723]Log file closed, 10/13/16 20:28:08
